===== AUTO-POLL START Sun Nov 30 03:52:06 UTC 2025 =====
\n--- Attempt 1 at Sun Nov 30 03:52:06 UTC 2025 ---
Checking TLS certificate for path2bca.com...
No custom cert yet. Showing partial diagnostic outputs:
curl -I https://path2bca.com (may show cert error):
  % Total    % Received % Xferd  Average Speed   Time    Time     Time  Current
                                 Dload  Upload   Total   Spent    Left  Speed
  0     0    0     0    0     0      0      0 --:--:-- --:--:-- --:--:--     0  0     0    0     0    0     0      0      0 --:--:-- --:--:-- --:--:--     0
curl: (60) SSL: no alternative certificate subject name matches target host name 'path2bca.com'
More details here: https://curl.se/docs/sslcerts.html

curl failed to verify the legitimacy of the server and therefore could not
establish a secure connection to it. To learn more about this situation and
how to fix it, please visit the web page mentioned above.
openssl cert preview (first 40 lines):
Certificate:
    Data:
        Version: 3 (0x2)
        Serial Number:
            90:77:34:41:47:31:6e:f9:95:99:76:7a:ea:fd:f1:b9
        Signature Algorithm: sha256WithRSAEncryption
        Issuer: C = GB, ST = Greater Manchester, L = Salford, O = Sectigo Limited, CN = Sectigo RSA Domain Validation Secure Server CA
        Validity
            Not Before: Mar  7 00:00:00 2025 GMT
            Not After : Mar  7 23:59:59 2026 GMT
        Subject: CN = *.github.io
        Subject Public Key Info:
            Public Key Algorithm: rsaEncryption
                Public-Key: (2048 bit)
                Modulus:
                    00:c4:a4:0b:12:55:66:25:82:a7:67:d7:66:28:c5:
                    ab:6f:87:f2:e0:15:85:9b:ae:7c:11:07:a6:4b:88:
                    49:82:bb:7e:d4:d1:69:2f:6b:46:55:a1:6e:a5:5c:
                    95:de:f9:8a:a2:b0:97:df:37:a3:73:bf:a0:1f:c5:
                    20:a5:e9:a6:8f:da:f9:b6:4d:4d:67:44:97:5c:02:
                    d3:8e:f4:f6:8b:4d:e8:4a:a8:f0:0b:39:27:f9:1d:
                    68:d1:36:20:f8:6e:cf:c9:0e:69:13:5f:00:13:e2:
                    b7:55:47:29:72:1d:5f:e5:1c:81:4c:4b:c4:e3:e1:
                    d4:83:8f:fa:3a:90:08:60:55:73:9c:9d:f2:93:c6:
                    be:6e:8d:62:fc:70:69:d8:c6:ed:3f:3b:2c:4a:54:
                    fc:98:f2:d8:ef:a4:84:4e:d2:9d:c2:02:1d:63:dd:
                    4c:91:38:89:77:5c:74:28:90:cc:d8:63:ca:33:ba:
                    4d:4d:cf:35:34:c4:b0:e9:60:73:b3:18:38:3c:56:
                    d1:f8:10:98:f3:6f:ec:62:ef:22:33:2f:c0:75:87:
                    14:cf:bd:a1:87:60:c6:5e:75:72:a7:3c:d5:fc:b2:
                    e0:27:f5:40:3f:99:be:99:dd:25:54:7e:4a:20:6f:
                    dc:76:e0:eb:6a:39:68:2d:0e:0b:28:99:2d:3b:85:
                    66:c1
                Exponent: 65537 (0x10001)
        X509v3 extensions:
            X509v3 Authority Key Identifier: 
                8D:8C:5E:C4:54:AD:8A:E1:77:E9:9B:F9:9B:05:E1:B8:01:8D:61:E1
            X509v3 Subject Key Identifier: 
                12:F0:7E:D0:31:6F:E4:AF:35:B5:89:FB:42:D9:ED:B7:0B:93:CD:04
            X509v3 Key Usage: critical
Pages API output:
gh: Not Found (HTTP 404)
{"message":"Not Found","documentation_url":"https://docs.github.com/rest/pages/pages#get-a-apiname-pages-site","status":"404"}Sleeping 300 seconds before next attempt...
\n--- Attempt 2 at Sun Nov 30 03:57:06 UTC 2025 ---
Checking TLS certificate for path2bca.com...
No custom cert yet. Showing partial diagnostic outputs:
curl -I https://path2bca.com (may show cert error):
  % Total    % Received % Xferd  Average Speed   Time    Time     Time  Current
                                 Dload  Upload   Total   Spent    Left  Speed
  0     0    0     0    0     0      0      0 --:--:-- --:--:-- --:--:--     0  0     0    0     0    0     0      0      0 --:--:-- --:--:-- --:--:--     0
curl: (60) SSL: no alternative certificate subject name matches target host name 'path2bca.com'
More details here: https://curl.se/docs/sslcerts.html

curl failed to verify the legitimacy of the server and therefore could not
establish a secure connection to it. To learn more about this situation and
how to fix it, please visit the web page mentioned above.
openssl cert preview (first 40 lines):
Certificate:
    Data:
        Version: 3 (0x2)
        Serial Number:
            90:77:34:41:47:31:6e:f9:95:99:76:7a:ea:fd:f1:b9
        Signature Algorithm: sha256WithRSAEncryption
        Issuer: C = GB, ST = Greater Manchester, L = Salford, O = Sectigo Limited, CN = Sectigo RSA Domain Validation Secure Server CA
        Validity
            Not Before: Mar  7 00:00:00 2025 GMT
            Not After : Mar  7 23:59:59 2026 GMT
        Subject: CN = *.github.io
        Subject Public Key Info:
            Public Key Algorithm: rsaEncryption
                Public-Key: (2048 bit)
                Modulus:
                    00:c4:a4:0b:12:55:66:25:82:a7:67:d7:66:28:c5:
                    ab:6f:87:f2:e0:15:85:9b:ae:7c:11:07:a6:4b:88:
                    49:82:bb:7e:d4:d1:69:2f:6b:46:55:a1:6e:a5:5c:
                    95:de:f9:8a:a2:b0:97:df:37:a3:73:bf:a0:1f:c5:
                    20:a5:e9:a6:8f:da:f9:b6:4d:4d:67:44:97:5c:02:
                    d3:8e:f4:f6:8b:4d:e8:4a:a8:f0:0b:39:27:f9:1d:
                    68:d1:36:20:f8:6e:cf:c9:0e:69:13:5f:00:13:e2:
                    b7:55:47:29:72:1d:5f:e5:1c:81:4c:4b:c4:e3:e1:
                    d4:83:8f:fa:3a:90:08:60:55:73:9c:9d:f2:93:c6:
                    be:6e:8d:62:fc:70:69:d8:c6:ed:3f:3b:2c:4a:54:
                    fc:98:f2:d8:ef:a4:84:4e:d2:9d:c2:02:1d:63:dd:
                    4c:91:38:89:77:5c:74:28:90:cc:d8:63:ca:33:ba:
                    4d:4d:cf:35:34:c4:b0:e9:60:73:b3:18:38:3c:56:
                    d1:f8:10:98:f3:6f:ec:62:ef:22:33:2f:c0:75:87:
                    14:cf:bd:a1:87:60:c6:5e:75:72:a7:3c:d5:fc:b2:
                    e0:27:f5:40:3f:99:be:99:dd:25:54:7e:4a:20:6f:
                    dc:76:e0:eb:6a:39:68:2d:0e:0b:28:99:2d:3b:85:
                    66:c1
                Exponent: 65537 (0x10001)
        X509v3 extensions:
            X509v3 Authority Key Identifier: 
                8D:8C:5E:C4:54:AD:8A:E1:77:E9:9B:F9:9B:05:E1:B8:01:8D:61:E1
            X509v3 Subject Key Identifier: 
                12:F0:7E:D0:31:6F:E4:AF:35:B5:89:FB:42:D9:ED:B7:0B:93:CD:04
            X509v3 Key Usage: critical
Pages API output:
gh: Not Found (HTTP 404)
{"message":"Not Found","documentation_url":"https://docs.github.com/rest/pages/pages#get-a-apiname-pages-site","status":"404"}Sleeping 300 seconds before next attempt...
\n--- Attempt 3 at Sun Nov 30 04:02:07 UTC 2025 ---
Checking TLS certificate for path2bca.com...
No custom cert yet. Showing partial diagnostic outputs:
curl -I https://path2bca.com (may show cert error):
  % Total    % Received % Xferd  Average Speed   Time    Time     Time  Current
                                 Dload  Upload   Total   Spent    Left  Speed
  0     0    0     0    0     0      0      0 --:--:-- --:--:-- --:--:--     0  0     0    0     0    0     0      0      0 --:--:-- --:--:-- --:--:--     0
curl: (60) SSL: no alternative certificate subject name matches target host name 'path2bca.com'
More details here: https://curl.se/docs/sslcerts.html

curl failed to verify the legitimacy of the server and therefore could not
establish a secure connection to it. To learn more about this situation and
how to fix it, please visit the web page mentioned above.
openssl cert preview (first 40 lines):
Certificate:
    Data:
        Version: 3 (0x2)
        Serial Number:
            90:77:34:41:47:31:6e:f9:95:99:76:7a:ea:fd:f1:b9
        Signature Algorithm: sha256WithRSAEncryption
        Issuer: C = GB, ST = Greater Manchester, L = Salford, O = Sectigo Limited, CN = Sectigo RSA Domain Validation Secure Server CA
        Validity
            Not Before: Mar  7 00:00:00 2025 GMT
            Not After : Mar  7 23:59:59 2026 GMT
        Subject: CN = *.github.io
        Subject Public Key Info:
            Public Key Algorithm: rsaEncryption
                Public-Key: (2048 bit)
                Modulus:
                    00:c4:a4:0b:12:55:66:25:82:a7:67:d7:66:28:c5:
                    ab:6f:87:f2:e0:15:85:9b:ae:7c:11:07:a6:4b:88:
                    49:82:bb:7e:d4:d1:69:2f:6b:46:55:a1:6e:a5:5c:
                    95:de:f9:8a:a2:b0:97:df:37:a3:73:bf:a0:1f:c5:
                    20:a5:e9:a6:8f:da:f9:b6:4d:4d:67:44:97:5c:02:
                    d3:8e:f4:f6:8b:4d:e8:4a:a8:f0:0b:39:27:f9:1d:
                    68:d1:36:20:f8:6e:cf:c9:0e:69:13:5f:00:13:e2:
                    b7:55:47:29:72:1d:5f:e5:1c:81:4c:4b:c4:e3:e1:
                    d4:83:8f:fa:3a:90:08:60:55:73:9c:9d:f2:93:c6:
                    be:6e:8d:62:fc:70:69:d8:c6:ed:3f:3b:2c:4a:54:
                    fc:98:f2:d8:ef:a4:84:4e:d2:9d:c2:02:1d:63:dd:
                    4c:91:38:89:77:5c:74:28:90:cc:d8:63:ca:33:ba:
                    4d:4d:cf:35:34:c4:b0:e9:60:73:b3:18:38:3c:56:
                    d1:f8:10:98:f3:6f:ec:62:ef:22:33:2f:c0:75:87:
                    14:cf:bd:a1:87:60:c6:5e:75:72:a7:3c:d5:fc:b2:
                    e0:27:f5:40:3f:99:be:99:dd:25:54:7e:4a:20:6f:
                    dc:76:e0:eb:6a:39:68:2d:0e:0b:28:99:2d:3b:85:
                    66:c1
                Exponent: 65537 (0x10001)
        X509v3 extensions:
            X509v3 Authority Key Identifier: 
                8D:8C:5E:C4:54:AD:8A:E1:77:E9:9B:F9:9B:05:E1:B8:01:8D:61:E1
            X509v3 Subject Key Identifier: 
                12:F0:7E:D0:31:6F:E4:AF:35:B5:89:FB:42:D9:ED:B7:0B:93:CD:04
            X509v3 Key Usage: critical
Pages API output:
gh: Not Found (HTTP 404)
{"message":"Not Found","documentation_url":"https://docs.github.com/rest/pages/pages#get-a-apiname-pages-site","status":"404"}Sleeping 300 seconds before next attempt...
\n--- Attempt 4 at Sun Nov 30 04:07:07 UTC 2025 ---
Checking TLS certificate for path2bca.com...
No custom cert yet. Showing partial diagnostic outputs:
curl -I https://path2bca.com (may show cert error):
  % Total    % Received % Xferd  Average Speed   Time    Time     Time  Current
                                 Dload  Upload   Total   Spent    Left  Speed
  0     0    0     0    0     0      0      0 --:--:-- --:--:-- --:--:--     0  0     0    0     0    0     0      0      0 --:--:-- --:--:-- --:--:--     0
curl: (60) SSL: no alternative certificate subject name matches target host name 'path2bca.com'
More details here: https://curl.se/docs/sslcerts.html

curl failed to verify the legitimacy of the server and therefore could not
establish a secure connection to it. To learn more about this situation and
how to fix it, please visit the web page mentioned above.
openssl cert preview (first 40 lines):
Certificate:
    Data:
        Version: 3 (0x2)
        Serial Number:
            90:77:34:41:47:31:6e:f9:95:99:76:7a:ea:fd:f1:b9
        Signature Algorithm: sha256WithRSAEncryption
        Issuer: C = GB, ST = Greater Manchester, L = Salford, O = Sectigo Limited, CN = Sectigo RSA Domain Validation Secure Server CA
        Validity
            Not Before: Mar  7 00:00:00 2025 GMT
            Not After : Mar  7 23:59:59 2026 GMT
        Subject: CN = *.github.io
        Subject Public Key Info:
            Public Key Algorithm: rsaEncryption
                Public-Key: (2048 bit)
                Modulus:
                    00:c4:a4:0b:12:55:66:25:82:a7:67:d7:66:28:c5:
                    ab:6f:87:f2:e0:15:85:9b:ae:7c:11:07:a6:4b:88:
                    49:82:bb:7e:d4:d1:69:2f:6b:46:55:a1:6e:a5:5c:
                    95:de:f9:8a:a2:b0:97:df:37:a3:73:bf:a0:1f:c5:
                    20:a5:e9:a6:8f:da:f9:b6:4d:4d:67:44:97:5c:02:
                    d3:8e:f4:f6:8b:4d:e8:4a:a8:f0:0b:39:27:f9:1d:
                    68:d1:36:20:f8:6e:cf:c9:0e:69:13:5f:00:13:e2:
                    b7:55:47:29:72:1d:5f:e5:1c:81:4c:4b:c4:e3:e1:
                    d4:83:8f:fa:3a:90:08:60:55:73:9c:9d:f2:93:c6:
                    be:6e:8d:62:fc:70:69:d8:c6:ed:3f:3b:2c:4a:54:
                    fc:98:f2:d8:ef:a4:84:4e:d2:9d:c2:02:1d:63:dd:
                    4c:91:38:89:77:5c:74:28:90:cc:d8:63:ca:33:ba:
                    4d:4d:cf:35:34:c4:b0:e9:60:73:b3:18:38:3c:56:
                    d1:f8:10:98:f3:6f:ec:62:ef:22:33:2f:c0:75:87:
                    14:cf:bd:a1:87:60:c6:5e:75:72:a7:3c:d5:fc:b2:
                    e0:27:f5:40:3f:99:be:99:dd:25:54:7e:4a:20:6f:
                    dc:76:e0:eb:6a:39:68:2d:0e:0b:28:99:2d:3b:85:
                    66:c1
                Exponent: 65537 (0x10001)
        X509v3 extensions:
            X509v3 Authority Key Identifier: 
                8D:8C:5E:C4:54:AD:8A:E1:77:E9:9B:F9:9B:05:E1:B8:01:8D:61:E1
            X509v3 Subject Key Identifier: 
                12:F0:7E:D0:31:6F:E4:AF:35:B5:89:FB:42:D9:ED:B7:0B:93:CD:04
            X509v3 Key Usage: critical
Pages API output:
gh: Not Found (HTTP 404)
{"message":"Not Found","documentation_url":"https://docs.github.com/rest/pages/pages#get-a-apiname-pages-site","status":"404"}Sleeping 300 seconds before next attempt...
\n--- Attempt 5 at Sun Nov 30 04:12:07 UTC 2025 ---
Checking TLS certificate for path2bca.com...
Custom cert includes path2bca.com in SANs.
Certificate:
    Data:
        Version: 3 (0x2)
        Serial Number:
            06:20:0f:5e:f3:fd:86:f2:dc:e9:94:55:ab:15:4d:4f:8f:7c
        Signature Algorithm: sha256WithRSAEncryption
        Issuer: C = US, O = Let's Encrypt, CN = R13
        Validity
            Not Before: Nov 30 03:12:37 2025 GMT
            Not After : Feb 28 03:12:36 2026 GMT
        Subject: CN = path2bca.com
        Subject Public Key Info:
            Public Key Algorithm: rsaEncryption
                Public-Key: (2048 bit)
                Modulus:
                    00:98:98:58:eb:ec:cb:b6:77:81:e8:70:0e:87:22:
                    31:ef:d2:63:63:67:01:9c:90:4e:10:16:94:9c:f5:
                    19:b6:05:30:56:b6:82:41:62:d4:31:0b:79:c0:d4:
                    e1:c1:36:13:1f:5c:70:16:21:d0:1c:53:13:8c:3c:
                    0c:8c:5d:15:47:f8:c7:94:29:41:8f:c2:e3:b2:29:
                    b6:1b:77:8d:a8:73:ea:d8:63:91:37:d2:26:50:61:
                    a1:04:bd:fa:76:22:06:a5:a0:3d:dc:07:4b:8f:b7:
                    06:24:b6:17:92:2e:c9:ae:dc:16:2c:2c:c3:6c:94:
                    23:2d:9f:9d:d4:40:da:98:26:3d:67:87:37:b6:4c:
                    a4:a3:ee:52:31:e3:87:2c:ed:38:ee:70:a5:b5:98:
                    7d:c3:87:96:fb:2e:45:6c:a2:6c:24:ff:63:42:b6:
                    e4:7c:d4:5f:6b:96:73:24:7a:0c:a5:89:68:86:f1:
                    71:03:79:53:0e:88:1c:6e:5a:a5:f0:80:0c:66:0d:
                    a4:a2:20:b5:b9:09:1c:00:35:8f:3c:89:a7:8a:8c:
                    4e:57:fd:1e:28:19:3a:63:d0:56:03:e9:f5:32:0d:
                    37:40:3f:9a:90:71:33:d7:d7:b4:7e:41:48:b4:05:
                    aa:8e:f7:65:36:87:87:66:ca:ff:6d:83:43:ef:48:
                    ac:8d
                Exponent: 65537 (0x10001)
        X509v3 extensions:
            X509v3 Key Usage: critical
                Digital Signature, Key Encipherment
            X509v3 Extended Key Usage: 
                TLS Web Server Authentication, TLS Web Client Authentication
            X509v3 Basic Constraints: critical
                CA:FALSE
            X509v3 Subject Key Identifier: 
                58:C9:B2:AA:68:E6:A5:48:CC:D8:2B:E8:42:B2:BF:7F:BE:45:66:68
            X509v3 Authority Key Identifier: 
                E7:AB:9F:0F:2C:33:A0:53:D3:5E:4F:78:C8:B2:84:0E:3B:D6:92:33
            Authority Information Access: 
                CA Issuers - URI:http://r13.i.lencr.org/
            X509v3 Subject Alternative Name: 
                DNS:path2bca.com, DNS:www.path2bca.com
            X509v3 Certificate Policies: 
                Policy: 2.23.140.1.2.1
            X509v3 CRL Distribution Points: 
                Full Name:
                  URI:http://r13.c.lencr.org/125.crl
            CT Precertificate SCTs: 
                Signed Certificate Timestamp:
                    Version   : v1 (0x0)
                    Log ID    : 64:11:C4:6C:A4:12:EC:A7:89:1C:A2:02:2E:00:BC:AB:
                                4F:28:07:D4:1E:35:27:AB:EA:FE:D5:03:C9:7D:CD:F0
                    Timestamp : Nov 30 04:11:07.492 2025 GMT
                    Extensions: none
                    Signature : ecdsa-with-SHA256
                                30:45:02:20:06:3D:0B:2E:45:F4:CD:9F:C7:1B:3F:0B:
                                5A:49:2D:F2:37:59:16:A3:11:31:86:31:A3:29:0E:71:
                                82:A3:45:61:02:21:00:F4:01:13:A1:46:88:57:ED:D0:
                                09:B1:58:06:26:2C:D9:2C:D2:16:EF:15:F1:72:90:6E:
                                67:FD:B9:0B:09:6F:33
                Signed Certificate Timestamp:
                    Version   : v1 (0x0)
                    Log ID    : 96:97:64:BF:55:58:97:AD:F7:43:87:68:37:08:42:77:
                                E9:F0:3A:D5:F6:A4:F3:36:6E:46:A4:3F:0F:CA:A9:C6
                    Timestamp : Nov 30 04:11:07.570 2025 GMT
                    Extensions: none
                    Signature : ecdsa-with-SHA256
                                30:45:02:20:73:A9:7B:25:00:AC:67:7E:46:99:75:C5:
                                A9:DF:9B:E2:23:CA:35:1F:4A:28:63:07:DA:D6:A6:D0:
                                31:40:A2:A5:02:21:00:D5:40:61:D5:D5:C4:38:E3:57:
                                37:14:21:4D:8E:3D:82:62:CD:BA:B7:52:8F:8E:69:F5:
                                DC:CA:06:EC:26:18:ED
    Signature Algorithm: sha256WithRSAEncryption
    Signature Value:
        8c:80:15:ad:ad:4a:2c:0b:88:f7:17:ed:0f:9e:a2:4e:d1:75:
        7b:37:1d:c7:5f:da:78:29:cb:c9:d2:e5:96:39:53:eb:e0:d1:
        95:74:0f:c4:2f:48:cd:60:5f:6d:4d:8c:e2:eb:c3:20:3a:6e:
        6e:23:39:a9:28:4d:8e:7d:f8:1b:2e:2d:e9:05:29:3f:9a:01:
        b0:6b:9c:b3:1d:49:96:bd:e4:de:bd:7c:4e:b1:94:aa:b1:bc:
        84:82:f4:bb:19:4c:00:1c:ef:6c:80:53:5a:e4:5d:44:65:cf:
        46:9d:8d:fc:99:e0:89:12:ed:25:ea:37:86:d7:7b:1e:09:35:
        1b:cc:23:7b:7c:db:61:fa:84:3e:0c:89:e7:b0:8c:09:ac:50:
        39:f1:22:39:fc:5d:e6:7e:6c:17:ca:c7:48:12:90:8a:09:a4:
        a2:17:6f:3f:a4:8e:7e:de:cd:78:dc:8a:80:17:9a:6d:16:24:
        1a:48:9c:a2:bd:21:d6:96:9c:1f:d7:17:72:16:42:88:ad:e8:
        fe:15:74:53:f4:af:51:5e:41:47:8b:27:49:e9:02:52:d6:de:
        74:62:6e:51:f6:f9:b2:07:bd:9a:8d:3f:07:5b:0f:0f:77:50:
        b1:56:b1:8f:3c:6b:dd:2a:79:e7:c6:8c:5e:82:ed:8b:79:ec:
        48:5e:50:8b
Pages API output:
{"url":"https://api.github.com/repos/path2bca/my-website/pages","status":"built","cname":"path2bca.com","custom_404":false,"html_url":"http://path2bca.com/","build_type":"legacy","source":{"branch":"main","path":"/"},"public":true,"protected_domain_state":null,"pending_domain_unverified_at":null,"https_certificate":{"state":"approved","description":"The certificate has been approved.","domains":["path2bca.com","www.path2bca.com"],"expires_at":"2026-02-28"},"https_enforced":false}SUCCESS: TLS for custom domain is active at Sun Nov 30 04:12:07 UTC 2025
